This file contains any messages produced by compilers while
running configure, to aid debugging if configure makes a mistake.

It was created by configure, which was
generated by GNU Autoconf 2.62.  Invocation command line was

  $ ./configure 

## --------- ##
## Platform. ##
## --------- ##

hostname = minime.mauthesis.com
uname -m = i386
uname -r = 4.99.72
uname -s = NetBSD
uname -v = NetBSD 4.99.72 (GENERIC) #1: Wed Sep 24 08:05:47 CDT 2008  root@:/usr/src/sys/arch/i386/compile/GENERIC

/usr/bin/uname -p = i386
/bin/uname -X     = unknown

/bin/arch              = unknown
/usr/bin/arch -k       = unknown
/usr/convex/getsysinfo = unknown
/usr/bin/hostinfo      = unknown
/bin/machine           = unknown
/usr/bin/oslevel       = unknown
/bin/universe          = unknown

PATH: /sbin
PATH: /usr/sbin
PATH: /bin
PATH: /usr/bin
PATH: /usr/pkg/sbin
PATH: /usr/pkg/bin
PATH: /usr/X11R6/bin
PATH: /usr/local/sbin
PATH: /usr/local/bin


## ----------- ##
## Core tests. ##
## ----------- ##

configure:1736: checking whether make sets $(MAKE)
configure:1758: result: yes
configure:1812: checking for a BSD-compatible install
configure:1880: result: /usr/bin/install -c
configure:1893: checking for makeinfo
configure:1909: found /usr/bin/makeinfo
configure:1921: result: makeinfo
configure:1931: checking for texi2dvi
configure:1947: found /usr/bin/texi2dvi
configure:1959: result: texi2dvi
configure:1969: checking for ptex
configure:1997: result: false
configure:2007: checking for jbibtex
configure:2035: result: false
configure:2045: checking for dvipdfmx
configure:2073: result: false
configure:2083: checking for texi2pdf
configure:2111: result: false
configure:2123: checking for egrep
configure:2139: found /usr/bin/egrep
configure:2150: result: egrep
configure:2355: checking for emacs
configure:2373: found /usr/pkg/bin/emacs
configure:2385: result: /usr/pkg/bin/emacs
configure:2412: checking what a flavor does /usr/pkg/bin/emacs have
/usr/pkg/bin/emacs -q -no-site-file --no-unibyte -batch -eval '(let ((x (if (featurep (quote xemacs))	(if (and	     (condition-case nil		 (progn		   (unless (or itimer-process itimer-timer)		     (itimer-driver-start))		   (let* ((inhibit-quit t)			  (ctime (current-time))			  (itimer-timer-last-wakeup			   (prog1			       ctime			     (setcar ctime (1- (car ctime)))))			  (itimer-list nil)			  (itimer (start-itimer "*testing*"						(function ignore) 5)))		     (sleep-for 0.1)		     (prog1			 (> (itimer-value itimer) 0)		       (delete-itimer itimer))))	       (error nil))	     (string-match	      (concat (vector 94 92 40 63 58 32 43 92 41 42 92 91 92 93))	      (concat (vector 32 91 93)))	     (or (not (executable-find "cat"))		 (with-temp-buffer		   (insert "foo")		   (backward-char)		   (call-process-region (1- (point)) (point) "cat" t t)		   (goto-char (point-min))		   (looking-at "foo"))))	    "XEmacs"	  (let ((v (emacs-version)))	    (if (string-match (char-to-string 41) v)		(substring v 0 (match-end 0))	      "Old XEmacs")))      (concat "Emacs "	      (mapconcat (function identity)			 (nreverse			  (cdr (nreverse				(split-string emacs-version					      (concat (vector 92 46))))))			 "."))))) (write-region (if (stringp x) (princ x) (prin1-to-string x)) nil "./conftest-3760" nil 5))'
Emacs 23.0.60=> Emacs 23.0.60
configure:2489: result: Emacs 23.0.60
configure:2503: checking prefix for /usr/pkg/bin/emacs
/usr/pkg/bin/emacs -q -no-site-file --no-unibyte -batch -eval '(let ((x (expand-file-name ".." invocation-directory))) (write-region (if (stringp x) (princ x) (prin1-to-string x)) nil "./conftest-3760" nil 5))'
/usr/pkg=> /usr/pkg
configure:2534: result: /usr/pkg
configure:2542: checking where lisp files should go
configure:2564: result: $(prefix)/share/emacs/site-lisp/w3m/
configure:2726: checking where icon files should go
/usr/pkg/bin/emacs -q -no-site-file --no-unibyte -batch -eval '(let ((x (let ((prefix "/usr/pkg")	      (default (expand-file-name "images/w3m" data-directory)))	  (if (and prefix		   (progn		     (setq prefix (file-name-as-directory prefix))		     (eq 0 (string-match (regexp-quote prefix) default))))	      (replace-match "$(prefix)/" nil nil default)	    default)))) (write-region (if (stringp x) (princ x) (prin1-to-string x)) nil "./conftest-3760" nil 5))'
$(prefix)/share/emacs/23.0.60/etc/images/w3m=> $(prefix)/share/emacs/23.0.60/etc/images/w3m
configure:2770: result: $(prefix)/share/emacs/23.0.60/etc/images/w3m
configure:2956: creating ./config.status

## ---------------------- ##
## Running config.status. ##
## ---------------------- ##

This file was extended by config.status, which was
generated by GNU Autoconf 2.62.  Invocation command line was

  CONFIG_FILES    = 
  CONFIG_HEADERS  = 
  CONFIG_LINKS    = 
  CONFIG_COMMANDS = 
  $ ./config.status 

on minime.mauthesis.com

config.status:652: creating Makefile
config.status:652: creating doc/Makefile

## ---------------- ##
## Cache variables. ##
## ---------------- ##

EMACS_cv_SYS_flavor='Emacs 23.0.60'
EMACS_cv_SYS_icondir='$(prefix)/share/emacs/23.0.60/etc/images/w3m'
EMACS_cv_SYS_prefix=/usr/pkg
ac_cv_env_build_alias_set=
ac_cv_env_build_alias_value=
ac_cv_env_host_alias_set=
ac_cv_env_host_alias_value=
ac_cv_env_target_alias_set=
ac_cv_env_target_alias_value=
ac_cv_path_EMACS=/usr/pkg/bin/emacs
ac_cv_path_install='/usr/bin/install -c'
ac_cv_prog_DVIPDFMX=false
ac_cv_prog_EGREP=egrep
ac_cv_prog_JBIBTEX=false
ac_cv_prog_MAKEINFO=makeinfo
ac_cv_prog_PTEX=false
ac_cv_prog_TEXI2DVI=texi2dvi
ac_cv_prog_TEXI2PDF=false
ac_cv_prog_make_make_set=yes

## ----------------- ##
## Output variables. ##
## ----------------- ##

ADDITIONAL_LOAD_PATH='NONE'
DEFS='-DPACKAGE_NAME=\"\" -DPACKAGE_TARNAME=\"\" -DPACKAGE_VERSION=\"\" -DPACKAGE_STRING=\"\" -DPACKAGE_BUGREPORT=\"\"'
DVIPDFMX='false'
ECHO_C=''
ECHO_N='-n'
ECHO_T=''
EGREP='egrep'
EMACS='/usr/pkg/bin/emacs'
ICONDIR='$(prefix)/share/emacs/23.0.60/etc/images/w3m'
INSTALL_DATA='${INSTALL} -m 644'
INSTALL_PROGRAM='${INSTALL}'
INSTALL_SCRIPT='${INSTALL}'
JBIBTEX='false'
LIBOBJS=''
LIBS=''
LTLIBOBJS=''
MAKEINFO='makeinfo'
PACKAGEDIR='NONE'
PACKAGE_BUGREPORT=''
PACKAGE_NAME=''
PACKAGE_STRING=''
PACKAGE_TARNAME=''
PACKAGE_VERSION=''
PATH_SEPARATOR=':'
PTEX='false'
SET_MAKE=''
SHELL='/bin/ksh'
TEXI2DVI='texi2dvi'
TEXI2PDF='false'
VANILLA_FLAG='-q -no-site-file --no-unibyte'
XEMACSDEBUG=''
bindir='${exec_prefix}/bin'
build_alias=''
datadir='${datarootdir}'
datarootdir='${prefix}/share'
docdir='${datarootdir}/doc/${PACKAGE}'
dvidir='${docdir}'
exec_prefix='${prefix}'
host_alias=''
htmldir='${docdir}'
includedir='${prefix}/include'
infodir='${datarootdir}/info'
libdir='${exec_prefix}/lib'
libexecdir='${exec_prefix}/libexec'
lispdir='$(prefix)/share/emacs/site-lisp/w3m'
localedir='${datarootdir}/locale'
localstatedir='${prefix}/var'
mandir='${datarootdir}/man'
oldincludedir='/usr/include'
pdfdir='${docdir}'
prefix='/usr/pkg'
program_transform_name='s,x,x,'
psdir='${docdir}'
sbindir='${exec_prefix}/sbin'
sharedstatedir='${prefix}/com'
sysconfdir='${prefix}/etc'
target_alias=''

## ----------- ##
## confdefs.h. ##
## ----------- ##

#define PACKAGE_NAME ""
#define PACKAGE_TARNAME ""
#define PACKAGE_VERSION ""
#define PACKAGE_STRING ""
#define PACKAGE_BUGREPORT ""

configure: exit 0
