This file contains any messages produced by compilers while
running configure, to aid debugging if configure makes a mistake.

It was created by configure, which was
generated by GNU Autoconf 2.59.  Invocation command line was

  $ ./configure 

## --------- ##
## Platform. ##
## --------- ##

hostname = access.austin.ibm.com
uname -m = i386
uname -r = 4.0
uname -s = NetBSD
uname -v = NetBSD 4.0 (GENERIC.NOACPI) #0: Sun Dec 16 00:56:55 PST 2007  builds@wb34:/home/builds/ab/netbsd-4-0-RELEASE/i386/200712160005Z-obj/home/builds/ab/netbsd-4-0-RELEASE/src/sys/arch/i386/compile/GENERIC.NOACPI

/usr/bin/uname -p = i386
/bin/uname -X     = unknown

/bin/arch              = unknown
/usr/bin/arch -k       = unknown
/usr/convex/getsysinfo = unknown
hostinfo               = unknown
/bin/machine           = unknown
/usr/bin/oslevel       = unknown
/bin/universe          = unknown

PATH: /sbin
PATH: /usr/sbin
PATH: /bin
PATH: /usr/bin
PATH: /usr/pkg/sbin
PATH: /usr/pkg/bin
PATH: /usr/X11R6/bin
PATH: /usr/local/sbin
PATH: /usr/local/bin


## ----------- ##
## Core tests. ##
## ----------- ##

configure:1233: checking whether make sets $(MAKE)
configure:1253: result: yes
configure:1300: checking for a BSD-compatible install
configure:1355: result: /usr/bin/install -c
configure:1368: checking for makeinfo
configure:1384: found /usr/bin/makeinfo
configure:1395: result: makeinfo
configure:1404: checking for texi2dvi
configure:1420: found /usr/bin/texi2dvi
configure:1431: result: texi2dvi
configure:1440: checking for ptex
configure:1467: result: false
configure:1476: checking for jbibtex
configure:1503: result: false
configure:1514: checking for egrep
configure:1530: found /usr/bin/egrep
configure:1540: result: egrep
configure:1790: checking what a flavor does 22.1.1 (term:0.96) have
22.1.1 (term:0.96) -q -no-site-file -batch -eval '(let ((x (cond ((featurep (quote xemacs)) "XEmacs")          ((and (boundp (quote emacs-major-version))                (>= emacs-major-version 21))           (format "Emacs %d" emacs-major-version))          ((boundp (quote MULE)) "MULE")          (t "Emacs")))) (write-region (if (stringp x) (princ x) (prin1-to-string x)) nil "./conftest-20678" nil 5))'
./configure: eval: line 1809: syntax error near unexpected token `term:0.96'
./configure: eval: line 1809: `22.1.1 (term:0.96) -q -no-site-file -batch -eval '(let ((x (cond ((featurep (quote xemacs)) "XEmacs")          ((and (boundp (quote emacs-major-version))                (>= emacs-major-version 21))           (format "Emacs %d" emacs-major-version))          ((boundp (quote MULE)) "MULE")          (t "Emacs")))) (write-region (if (stringp x) (princ x) (prin1-to-string x)) nil "./conftest-20678" nil 5))''
=> 
configure:1833: result: 
configure:1842: checking prefix for 22.1.1 (term:0.96)
22.1.1 (term:0.96) -q -no-site-file -batch -eval '(let ((x (expand-file-name ".." invocation-directory))) (write-region (if (stringp x) (princ x) (prin1-to-string x)) nil "./conftest-20678" nil 5))'
./configure: eval: line 1856: syntax error near unexpected token `term:0.96'
./configure: eval: line 1856: `22.1.1 (term:0.96) -q -no-site-file -batch -eval '(let ((x (expand-file-name ".." invocation-directory))) (write-region (if (stringp x) (princ x) (prin1-to-string x)) nil "./conftest-20678" nil 5))''
=> 
configure:1871: result: 
configure:1880: checking where lisp files should go
configure:1902: result: $(datadir)/emacs/site-lisp/w3m/
configure:2129: error: Process couldn't proceed.  See the above messages.

## ---------------- ##
## Cache variables. ##
## ---------------- ##

EMACS_cv_SYS_flavor=
EMACS_cv_SYS_prefix=
ac_cv_env_build_alias_set=
ac_cv_env_build_alias_value=
ac_cv_env_host_alias_set=
ac_cv_env_host_alias_value=
ac_cv_env_target_alias_set=
ac_cv_env_target_alias_value=
ac_cv_path_install='/usr/bin/install -c'
ac_cv_prog_EGREP=egrep
ac_cv_prog_JBIBTEX=false
ac_cv_prog_MAKEINFO=makeinfo
ac_cv_prog_PTEX=false
ac_cv_prog_TEXI2DVI=texi2dvi
ac_cv_prog_make_make_set=yes

## ----------------- ##
## Output variables. ##
## ----------------- ##

ADDITIONAL_LOAD_PATH='NONE'
DEFS=''
ECHO_C=''
ECHO_N='-n'
ECHO_T=''
EGREP='egrep'
EMACS='22.1.1 (term:0.96)'
ICONDIR='NONE'
INSTALL_DATA='${INSTALL} -m 644'
INSTALL_PROGRAM='${INSTALL}'
INSTALL_SCRIPT='${INSTALL}'
JBIBTEX='false'
LIBOBJS=''
LIBS=''
LTLIBOBJS=''
MAKEINFO='makeinfo'
PACKAGEDIR='NONE'
PACKAGE_BUGREPORT=''
PACKAGE_NAME=''
PACKAGE_STRING=''
PACKAGE_TARNAME=''
PACKAGE_VERSION=''
PATH_SEPARATOR=':'
PTEX='false'
SET_MAKE=''
SHELL='/bin/bash'
TEXI2DVI='texi2dvi'
VANILLA_FLAG='-q -no-site-file'
bindir='${exec_prefix}/bin'
build_alias=''
datadir='${prefix}/share'
exec_prefix='NONE'
host_alias=''
includedir='${prefix}/include'
infodir='${prefix}/info'
libdir='${exec_prefix}/lib'
libexecdir='${exec_prefix}/libexec'
lispdir='$(datadir)/emacs/site-lisp/w3m'
localstatedir='${prefix}/var'
mandir='${prefix}/man'
oldincludedir='/usr/include'
prefix=''
program_transform_name='s,x,x,'
sbindir='${exec_prefix}/sbin'
sharedstatedir='${prefix}/com'
sysconfdir='${prefix}/etc'
target_alias=''

## ----------- ##
## confdefs.h. ##
## ----------- ##

#define PACKAGE_BUGREPORT ""
#define PACKAGE_NAME ""
#define PACKAGE_STRING ""
#define PACKAGE_TARNAME ""
#define PACKAGE_VERSION ""

configure: exit 1
